<?xml version="1.0" encoding="UTF-8"?>
<testng-results total="1" passed="1" failed="0" skipped="0">
  <reporter-output>
    <line>
      <![CDATA[TestA]]>
    </line>
  </reporter-output>
  <suite started-at="2018-10-10T10:04:00Z" name="Suite" finished-at="2018-10-10T10:04:00Z" duration-ms="155">
    <groups>
    </groups>
    <test started-at="2018-10-10T10:04:00Z" name="Test" finished-at="2018-10-10T10:04:00Z" duration-ms="155">
      <class name="sdd.DemoA">
        <test-method signature="Demo()[pri:0, instance:sdd.DemoA@5f8edcc5]" started-at="2018-10-10T15:34:00Z" name="Demo" finished-at="2018-10-10T15:34:00Z" duration-ms="57" status="PASS">
          <reporter-output>
            <line>
              <![CDATA[TestA]]>
            </line>
          </reporter-output>
        </test-method> <!-- Demo -->
      </class> <!-- sdd.DemoA -->
    </test> <!-- Test -->
  </suite> <!-- Suite -->
</testng-results>
